c:\users\cmao2\desktop\项目\project3\project3\x64\debug\vc143.pdb
c:\users\cmao2\desktop\项目\project3\project3\x64\debug\vc143.idb
c:\users\cmao2\desktop\项目\project3\project3\x64\debug\mainbody.obj
c:\users\cmao2\desktop\项目\c++学习\project3\project3\x64\debug\vc143.pdb
c:\users\cmao2\desktop\项目\c++学习\project3\project3\x64\debug\vc143.idb
c:\users\cmao2\desktop\项目\c++学习\project3\project3\x64\debug\pointvoi.obj
c:\users\cmao2\desktop\项目\c++学习\project3\project3\x64\debug\isincircle.obj
c:\users\cmao2\desktop\项目\c++学习\project3\project3\x64\debug\circle.obj
c:\users\cmao2\desktop\项目\c++学习\project3\project3\x64\debug\mainbody.obj
c:\users\cmao2\desktop\项目\project3\x64\debug\project3.exe
c:\users\cmao2\desktop\项目\project3\x64\debug\project3.pdb
c:\users\cmao2\desktop\项目\project3\project3\x64\debug\project3.ilk
c:\users\cmao2\desktop\项目\c++学习\project3\x64\debug\project3.pdb
c:\users\cmao2\desktop\项目\c++学习\project3\project3\x64\debug\project3.tlog\cl.command.1.tlog
c:\users\cmao2\desktop\项目\c++学习\project3\project3\x64\debug\project3.tlog\cl.items.tlog
c:\users\cmao2\desktop\项目\c++学习\project3\project3\x64\debug\project3.tlog\cl.read.1.tlog
c:\users\cmao2\desktop\项目\c++学习\project3\project3\x64\debug\project3.tlog\cl.write.1.tlog
c:\users\cmao2\desktop\项目\c++学习\project3\project3\x64\debug\project3.tlog\link-cvtres.read.1.tlog
c:\users\cmao2\desktop\项目\c++学习\project3\project3\x64\debug\project3.tlog\link-cvtres.write.1.tlog
c:\users\cmao2\desktop\项目\c++学习\project3\project3\x64\debug\project3.tlog\link-rc.read.1.tlog
c:\users\cmao2\desktop\项目\c++学习\project3\project3\x64\debug\project3.tlog\link-rc.write.1.tlog
c:\users\cmao2\desktop\项目\c++学习\project3\project3\x64\debug\project3.tlog\link.command.1.tlog
c:\users\cmao2\desktop\项目\c++学习\project3\project3\x64\debug\project3.tlog\link.read.1.tlog
c:\users\cmao2\desktop\项目\c++学习\project3\project3\x64\debug\project3.tlog\link.read.2.tlog
c:\users\cmao2\desktop\项目\c++学习\project3\project3\x64\debug\project3.tlog\link.read.3.tlog
c:\users\cmao2\desktop\项目\c++学习\project3\project3\x64\debug\project3.tlog\link.read.4.tlog
c:\users\cmao2\desktop\项目\c++学习\project3\project3\x64\debug\project3.tlog\link.read.5.tlog
c:\users\cmao2\desktop\项目\c++学习\project3\project3\x64\debug\project3.tlog\link.read.6.tlog
c:\users\cmao2\desktop\项目\c++学习\project3\project3\x64\debug\project3.tlog\link.secondary.1.tlog
c:\users\cmao2\desktop\项目\c++学习\project3\project3\x64\debug\project3.tlog\link.write.1.tlog
